<?xml version="1.0" encoding="UTF-8"?>
<!-- Generated by org.testng.reporters.JUnitReportReporter -->
<testsuite skipped="0" hostname="DESKTOP-OKHO8A5" name="com.bank.guru99.LoginPageTest" tests="4" failures="0" timestamp="2021-03-15T11:57:45 IST" time="20.176" errors="0">
  <testcase name="login" time="3.347" classname="com.bank.guru99.LoginPageTest"/>
  <system-out/>
  <testcase name="login" time="3.696" classname="com.bank.guru99.LoginPageTest"/>
  <system-out/>
  <testcase name="login" time="9.632" classname="com.bank.guru99.LoginPageTest"/>
  <system-out/>
  <testcase name="login" time="3.501" classname="com.bank.guru99.LoginPageTest"/>
  <system-out/>
</testsuite> <!-- com.bank.guru99.LoginPageTest -->
